# JRE version: Java(TM) SE Runtime Environment 18.9 (11.0.18+9) (build 11.0.18+9-LTS-195)
# Java VM: Java HotSpot(TM) 64-Bit Server VM 18.9 (11.0.18+9-LTS-195, mixed mode, tiered, compressed oops, g1 gc, windows-amd64)
Heap:
 garbage-first heap   total 575488K, used 246862K [0x0000000080000000, 0x0000000100000000)
  region size 1024K, 8 young (8192K), 8 survivors (8192K)
 Metaspace       used 145230K, capacity 149626K, committed 149824K, reserved 647168K
  class space    used 18744K, capacity 20435K, committed 20556K, reserved 516096K
GC Heap History (10 events):
Event: 50.018 GC heap after
{Heap after GC invocations=64 (full 0):
 garbage-first heap   total 315392K, used 234038K [0x0000000080000000, 0x0000000100000000)
  region size 1024K, 2 young (2048K), 2 survivors (2048K)
 Metaspace       used 143211K, capacity 147490K, committed 147776K, reserved 645120K
  class space    used 18577K, capacity 20208K, committed 20300K, reserved 516096K
}
Event: 50.128 GC heap before
{Heap before GC invocations=64 (full 0):
 garbage-first heap   total 315392K, used 250422K [0x0000000080000000, 0x0000000100000000)
  region size 1024K, 15 young (15360K), 2 survivors (2048K)
 Metaspace       used 143386K, capacity 147698K, committed 148032K, reserved 645120K
  class space    used 18579K, capacity 20211K, committed 20300K, reserved 516096K
}
Event: 50.142 GC heap after
{Heap after GC invocations=65 (full 0):
 garbage-first heap   total 385024K, used 231551K [0x0000000080000000, 0x0000000100000000)
  region size 1024K, 2 young (2048K), 2 survivors (2048K)
 Metaspace       used 143386K, capacity 147698K, committed 148032K, reserved 645120K
  class space    used 18579K, capacity 20211K, committed 20300K, reserved 516096K
}
Event: 50.163 GC heap before
{Heap before GC invocations=65 (full 0):
 garbage-first heap   total 385024K, used 233599K [0x0000000080000000, 0x0000000100000000)
  region size 1024K, 5 young (5120K), 2 survivors (2048K)
 Metaspace       used 143467K, capacity 147803K, committed 148032K, reserved 645120K
  class space    used 18591K, capacity 20246K, committed 20300K, reserved 516096K
}
Event: 50.169 GC heap after
{Heap after GC invocations=66 (full 0):
 garbage-first heap   total 385024K, used 231793K [0x0000000080000000, 0x0000000100000000)
  region size 1024K, 2 young (2048K), 2 survivors (2048K)
 Metaspace       used 143467K, capacity 147803K, committed 148032K, reserved 645120K
  class space    used 18591K, capacity 20246K, committed 20300K, reserved 516096K
}
Event: 50.724 GC heap before
{Heap before GC invocations=67 (full 0):
 garbage-first heap   total 385024K, used 259441K [0x0000000080000000, 0x0000000100000000)
  region size 1024K, 30 young (30720K), 2 survivors (2048K)
 Metaspace       used 144109K, capacity 148423K, committed 148672K, reserved 645120K
  class space    used 18638K, capacity 20296K, committed 20428K, reserved 516096K
}
Event: 50.746 GC heap after
{Heap after GC invocations=68 (full 0):
 garbage-first heap   total 385024K, used 234942K [0x0000000080000000, 0x0000000100000000)
  region size 1024K, 4 young (4096K), 4 survivors (4096K)
 Metaspace       used 144109K, capacity 148423K, committed 148672K, reserved 645120K
  class space    used 18638K, capacity 20296K, committed 20428K, reserved 516096K
}
Event: 51.266 GC heap before
{Heap before GC invocations=69 (full 0):
 garbage-first heap   total 385024K, used 285118K [0x0000000080000000, 0x0000000100000000)
  region size 1024K, 52 young (53248K), 4 survivors (4096K)
 Metaspace       used 144491K, capacity 148798K, committed 148928K, reserved 645120K
  class space    used 18656K, capacity 20308K, committed 20428K, reserved 516096K
}
Event: 51.274 GC heap after
{Heap after GC invocations=70 (full 0):
 garbage-first heap   total 385024K, used 238938K [0x0000000080000000, 0x0000000100000000)
  region size 1024K, 4 young (4096K), 4 survivors (4096K)
 Metaspace       used 144491K, capacity 148798K, committed 148928K, reserved 645120K
  class space    used 18656K, capacity 20308K, committed 20428K, reserved 516096K
}
Event: 51.764 GC heap before
{Heap before GC invocations=71 (full 0):
 garbage-first heap   total 385024K, used 274778K [0x0000000080000000, 0x0000000100000000)
  region size 1024K, 37 young (37888K), 4 survivors (4096K)
 Metaspace       used 145230K, capacity 149626K, committed 149824K, reserved 647168K
  class space    used 18744K, capacity 20435K, committed 20556K, reserved 516096K
}

