# JRE version: Java(TM) SE Runtime Environment 18.9 (11.0.18+9) (build 11.0.18+9-LTS-195)
# Java VM: Java HotSpot(TM) 64-Bit Server VM 18.9 (11.0.18+9-LTS-195, mixed mode, tiered, compressed oops, g1 gc, windows-amd64)
Heap:
 garbage-first heap   total 262144K, used 137742K [0x0000000080000000, 0x0000000100000000)
  region size 1024K, 27 young (27648K), 10 survivors (10240K)
 Metaspace       used 105021K, capacity 108015K, committed 108196K, reserved 614400K
  class space    used 13963K, capacity 15089K, committed 15104K, reserved 516096K
GC Heap History (10 events):
Event: 20.872 GC heap before
{Heap before GC invocations=14 (full 0):
 garbage-first heap   total 262144K, used 116820K [0x0000000080000000, 0x0000000100000000)
  region size 1024K, 40 young (40960K), 14 survivors (14336K)
 Metaspace       used 97356K, capacity 99949K, committed 100056K, reserved 602112K
  class space    used 13096K, capacity 14078K, committed 14080K, reserved 516096K
}
Event: 20.882 GC heap after
{Heap after GC invocations=15 (full 0):
 garbage-first heap   total 262144K, used 93985K [0x0000000080000000, 0x0000000100000000)
  region size 1024K, 3 young (3072K), 3 survivors (3072K)
 Metaspace       used 97356K, capacity 99949K, committed 100056K, reserved 602112K
  class space    used 13096K, capacity 14078K, committed 14080K, reserved 516096K
}
Event: 22.611 GC heap before
{Heap before GC invocations=16 (full 0):
 garbage-first heap   total 262144K, used 207649K [0x0000000080000000, 0x0000000100000000)
  region size 1024K, 114 young (116736K), 3 survivors (3072K)
 Metaspace       used 103028K, capacity 105832K, committed 106020K, reserved 608256K
  class space    used 13770K, capacity 14887K, committed 14976K, reserved 516096K
}
Event: 22.619 GC heap after
{Heap after GC invocations=17 (full 0):
 garbage-first heap   total 262144K, used 101977K [0x0000000080000000, 0x0000000100000000)
  region size 1024K, 11 young (11264K), 11 survivors (11264K)
 Metaspace       used 103028K, capacity 105832K, committed 106020K, reserved 608256K
  class space    used 13770K, capacity 14887K, committed 14976K, reserved 516096K
}
Event: 24.975 GC heap before
{Heap before GC invocations=17 (full 0):
 garbage-first heap   total 262144K, used 216665K [0x0000000080000000, 0x0000000100000000)
  region size 1024K, 116 young (118784K), 11 survivors (11264K)
 Metaspace       used 103967K, capacity 106821K, committed 107044K, reserved 608256K
  class space    used 13862K, capacity 14963K, committed 14976K, reserved 516096K
}
Event: 24.986 GC heap after
{Heap after GC invocations=18 (full 0):
 garbage-first heap   total 262144K, used 109913K [0x0000000080000000, 0x0000000100000000)
  region size 1024K, 9 young (9216K), 9 survivors (9216K)
 Metaspace       used 103967K, capacity 106821K, committed 107044K, reserved 608256K
  class space    used 13862K, capacity 14963K, committed 14976K, reserved 516096K
}
Event: 26.094 GC heap before
{Heap before GC invocations=18 (full 0):
 garbage-first heap   total 262144K, used 201049K [0x0000000080000000, 0x0000000100000000)
  region size 1024K, 84 young (86016K), 9 survivors (9216K)
 Metaspace       used 104334K, capacity 107266K, committed 107428K, reserved 610304K
  class space    used 13883K, capacity 14979K, committed 15104K, reserved 516096K
}
Event: 26.105 GC heap after
{Heap after GC invocations=19 (full 0):
 garbage-first heap   total 262144K, used 116705K [0x0000000080000000, 0x0000000100000000)
  region size 1024K, 7 young (7168K), 7 survivors (7168K)
 Metaspace       used 104334K, capacity 107266K, committed 107428K, reserved 610304K
  class space    used 13883K, capacity 14979K, committed 15104K, reserved 516096K
}
Event: 26.505 GC heap before
{Heap before GC invocations=20 (full 0):
 garbage-first heap   total 262144K, used 159713K [0x0000000080000000, 0x0000000100000000)
  region size 1024K, 43 young (44032K), 7 survivors (7168K)
 Metaspace       used 104276K, capacity 107140K, committed 107428K, reserved 610304K
  class space    used 13858K, capacity 14934K, committed 15104K, reserved 516096K
}
Event: 26.519 GC heap after
{Heap after GC invocations=21 (full 0):
 garbage-first heap   total 262144K, used 119310K [0x0000000080000000, 0x0000000100000000)
  region size 1024K, 10 young (10240K), 10 survivors (10240K)
 Metaspace       used 104276K, capacity 107140K, committed 107428K, reserved 610304K
  class space    used 13858K, capacity 14934K, committed 15104K, reserved 516096K
}

